Using pre-set license
Built from '2020.3/staging' branch; Version is '2020.3.4f1 (0abb6314276a) revision 703331'; Using compiler version '192528614'; Build Type 'Release'
OS: 'Windows 10 Home; OS build 18363.1556; Version 1909; 64bit' Language: 'cs' Physical Memory: 16226 MB
BatchMode: 1, IsHumanControllingUs: 0, StartBugReporterOnCrash: 0, Is64bit: 1, IsPro: 0

 COMMAND LINE ARGUMENTS:
D:\UnityVersions\2020.3.4f1\Editor\Unity.exe
-adb2
-batchMode
-noUpm
-name
AssetImportWorker1
-projectPath
D:/UnityDevelopment/UnityProjects/BlackAndWhite
-logFile
Logs/AssetImportWorker1.log
-srvPort
56243
Successfully changed project path to: D:/UnityDevelopment/UnityProjects/BlackAndWhite
D:/UnityDevelopment/UnityProjects/BlackAndWhite
Using Asset Import Pipeline V2.
Refreshing native plugins compatible for Editor in 28.68 ms, found 0 plugins.
Preloading 0 native plugins for Editor in 0.00 ms.
Initialize engine version: 2020.3.4f1 (0abb6314276a)
[Subsystems] Discovering subsystems at path D:/UnityVersions/2020.3.4f1/Editor/Data/Resources/UnitySubsystems
[Subsystems] Discovering subsystems at path D:/UnityDevelopment/UnityProjects/BlackAndWhite/Assets
GfxDevice: creating device client; threaded=0
Direct3D:
    Version:  Direct3D 11.0 [level 11.1]
    Renderer: NVIDIA GeForce GTX 1060 (ID=0x1c20)
    Vendor:   
    VRAM:     6052 MB
    Driver:   30.0.14.7212
Initialize mono
Mono path[0] = 'D:/UnityVersions/2020.3.4f1/Editor/Data/Managed'
Mono path[1] = 'D:/UnityVersions/2020.3.4f1/Editor/Data/MonoBleedingEdge/lib/mono/unityjit'
Mono config path = 'D:/UnityVersions/2020.3.4f1/Editor/Data/MonoBleedingEdge/etc'
Using monoOptions --debugger-agent=transport=dt_socket,embedding=1,server=y,suspend=n,address=127.0.0.1:56444
Begin MonoManager ReloadAssembly
Registering precompiled unity dll's ...
Register platform support module: D:/UnityVersions/2020.3.4f1/Editor/Data/PlaybackEngines/WebGLSupport/UnityEditor.WebGL.Extensions.dll
Register platform support module: D:/UnityVersions/2020.3.4f1/Editor/Data/PlaybackEngines/WindowsStandaloneSupport/UnityEditor.WindowsStandalone.Extensions.dll
Registered in 0.001278 seconds.
Native extension for WindowsStandalone target not found
Native extension for WebGL target not found
Refreshing native plugins compatible for Editor in 35.44 ms, found 0 plugins.
Preloading 0 native plugins for Editor in 0.00 ms.
Mono: successfully reloaded assembly
- Completed reload, in 12.164 seconds
Platform modules already initialized, skipping
Registering precompiled user dll's ...
Registered in 0.000677 seconds.
Begin MonoManager ReloadAssembly
OnLevelWasLoaded was found on MainMenuManager
This message has been deprecated and will be removed in a later version of Unity.
Add a delegate to SceneManager.sceneLoaded instead to get notifications after scene loading has completed

OnLevelWasLoaded was found on GameManager
This message has been deprecated and will be removed in a later version of Unity.
Add a delegate to SceneManager.sceneLoaded instead to get notifications after scene loading has completed

Native extension for WindowsStandalone target not found
Native extension for WebGL target not found
Refreshing native plugins compatible for Editor in 0.26 ms, found 0 plugins.
Preloading 0 native plugins for Editor in 0.00 ms.
Mono: successfully reloaded assembly
- Completed reload, in  0.850 seconds
Platform modules already initialized, skipping
========================================================================
Worker process is ready to serve import requests
Launched and connected shader compiler UnityShaderCompiler.exe after 0.08 seconds
Refreshing native plugins compatible for Editor in 0.25 ms, found 0 plugins.
Preloading 0 native plugins for Editor in 0.00 ms.
Unloading 1546 Unused Serialized files (Serialized files now loaded: 0)
System memory in use before: 75.8 MB.
System memory in use after: 75.8 MB.

Unloading 10 unused Assets to reduce memory usage. Loaded Objects now: 1991.
Total: 1.783000 ms (FindLiveObjects: 0.153200 ms CreateObjectMapping: 0.060000 ms MarkObjects: 1.475400 ms  DeleteObjects: 0.093500 ms)

========================================================================
Received Import Request.
  path: Assets/Scripts/Helpers/EventOnTrigger.cs
  artifactKey: Guid(0a501da8cdd3b084097acf4ca88c7abb) Importer(815301076,1909f56bfc062723c751e8b465ee728b)
Start importing Assets/Scripts/Helpers/EventOnTrigger.cs using Guid(0a501da8cdd3b084097acf4ca88c7abb) Importer(815301076,1909f56bfc062723c751e8b465ee728b)  -> (artifact id: '420e05fb75c381f493da94064c9b281e') in 0.056439 seconds
  Import took 0.093537 seconds .

========================================================================
Received Import Request.
  Time since last request: 0.000305 seconds.
  path: Assets/Scripts/Helpers/EventOnKeyPress.cs
  artifactKey: Guid(76fe8814d52bf2b4586ba34dc03e58b1) Importer(815301076,1909f56bfc062723c751e8b465ee728b)
Start importing Assets/Scripts/Helpers/EventOnKeyPress.cs using Guid(76fe8814d52bf2b4586ba34dc03e58b1) Importer(815301076,1909f56bfc062723c751e8b465ee728b)  -> (artifact id: 'd40789e71f053231a17c5ba1cf45e004') in 0.001696 seconds
  Import took 0.003689 seconds .

========================================================================
Received Prepare
Registering precompiled user dll's ...
Registered in 0.000696 seconds.
OnLevelWasLoaded was found on MainMenuManager
This message has been deprecated and will be removed in a later version of Unity.
Add a delegate to SceneManager.sceneLoaded instead to get notifications after scene loading has completed

OnLevelWasLoaded was found on GameManager
This message has been deprecated and will be removed in a later version of Unity.
Add a delegate to SceneManager.sceneLoaded instead to get notifications after scene loading has completed

Begin MonoManager ReloadAssembly
OnLevelWasLoaded was found on GameManager
This message has been deprecated and will be removed in a later version of Unity.
Add a delegate to SceneManager.sceneLoaded instead to get notifications after scene loading has completed

OnLevelWasLoaded was found on MainMenuManager
This message has been deprecated and will be removed in a later version of Unity.
Add a delegate to SceneManager.sceneLoaded instead to get notifications after scene loading has completed

Native extension for WindowsStandalone target not found
Native extension for WebGL target not found
Refreshing native plugins compatible for Editor in 0.27 ms, found 0 plugins.
Preloading 0 native plugins for Editor in 0.00 ms.
Mono: successfully reloaded assembly
- Completed reload, in  0.833 seconds
Platform modules already initialized, skipping
Refreshing native plugins compatible for Editor in 0.25 ms, found 0 plugins.
Preloading 0 native plugins for Editor in 0.00 ms.
Unloading 1505 Unused Serialized files (Serialized files now loaded: 0)
System memory in use before: 72.2 MB.
System memory in use after: 72.2 MB.

Unloading 5 unused Assets to reduce memory usage. Loaded Objects now: 1994.
Total: 2.089400 ms (FindLiveObjects: 0.154600 ms CreateObjectMapping: 0.054800 ms MarkObjects: 1.821600 ms  DeleteObjects: 0.057500 ms)

========================================================================
Received Import Request.
  Time since last request: 39.841370 seconds.
  path: Assets/Scripts/Helpers/EventOnTrigger.cs
  artifactKey: Guid(0a501da8cdd3b084097acf4ca88c7abb) Importer(815301076,1909f56bfc062723c751e8b465ee728b)
Start importing Assets/Scripts/Helpers/EventOnTrigger.cs using Guid(0a501da8cdd3b084097acf4ca88c7abb) Importer(815301076,1909f56bfc062723c751e8b465ee728b)  -> (artifact id: '95548e3be037a192099f7d9db2c87f80') in 0.003756 seconds
  Import took 0.028567 seconds .

========================================================================
Received Prepare
Registering precompiled user dll's ...
Registered in 0.000709 seconds.
OnLevelWasLoaded was found on MainMenuManager
This message has been deprecated and will be removed in a later version of Unity.
Add a delegate to SceneManager.sceneLoaded instead to get notifications after scene loading has completed

OnLevelWasLoaded was found on GameManager
This message has been deprecated and will be removed in a later version of Unity.
Add a delegate to SceneManager.sceneLoaded instead to get notifications after scene loading has completed

Begin MonoManager ReloadAssembly
OnLevelWasLoaded was found on MainMenuManager
This message has been deprecated and will be removed in a later version of Unity.
Add a delegate to SceneManager.sceneLoaded instead to get notifications after scene loading has completed

OnLevelWasLoaded was found on GameManager
This message has been deprecated and will be removed in a later version of Unity.
Add a delegate to SceneManager.sceneLoaded instead to get notifications after scene loading has completed

Native extension for WindowsStandalone target not found
Native extension for WebGL target not found
Refreshing native plugins compatible for Editor in 0.28 ms, found 0 plugins.
Preloading 0 native plugins for Editor in 0.00 ms.
Mono: successfully reloaded assembly
- Completed reload, in  0.829 seconds
Platform modules already initialized, skipping
Refreshing native plugins compatible for Editor in 0.25 ms, found 0 plugins.
Preloading 0 native plugins for Editor in 0.00 ms.
Unloading 1505 Unused Serialized files (Serialized files now loaded: 0)
System memory in use before: 72.2 MB.
System memory in use after: 72.3 MB.

Unloading 5 unused Assets to reduce memory usage. Loaded Objects now: 1997.
Total: 1.799100 ms (FindLiveObjects: 0.152600 ms CreateObjectMapping: 0.045500 ms MarkObjects: 1.543800 ms  DeleteObjects: 0.056500 ms)

========================================================================
Received Import Request.
  Time since last request: 197.366594 seconds.
  path: Assets/Scripts/Helpers/EventOnTrigger1.cs
  artifactKey: Guid(d7cce4e91efc0884faa5f66564bfe325) Importer(815301076,1909f56bfc062723c751e8b465ee728b)
Start importing Assets/Scripts/Helpers/EventOnTrigger1.cs using Guid(d7cce4e91efc0884faa5f66564bfe325) Importer(815301076,1909f56bfc062723c751e8b465ee728b)  -> (artifact id: '7fa310b0ae7e87fe03fcf83c17713a7c') in 0.010472 seconds
  Import took 0.029594 seconds .

========================================================================
Received Import Request.
  Time since last request: 0.002201 seconds.
  path: Assets/Scripts/Helpers/EventOnTrigger1.cs
  artifactKey: Guid(d7cce4e91efc0884faa5f66564bfe325) Importer(815301076,1909f56bfc062723c751e8b465ee728b)
Start importing Assets/Scripts/Helpers/EventOnTrigger1.cs using Guid(d7cce4e91efc0884faa5f66564bfe325) Importer(815301076,1909f56bfc062723c751e8b465ee728b)  -> (artifact id: '7fa310b0ae7e87fe03fcf83c17713a7c') in 0.016130 seconds
  Import took 0.019155 seconds .

========================================================================
Received Import Request.
  Time since last request: 10.171214 seconds.
  path: Assets/Scripts/Helpers/EventOnCollision.cs
  artifactKey: Guid(d7cce4e91efc0884faa5f66564bfe325) Importer(815301076,1909f56bfc062723c751e8b465ee728b)
Start importing Assets/Scripts/Helpers/EventOnCollision.cs using Guid(d7cce4e91efc0884faa5f66564bfe325) Importer(815301076,1909f56bfc062723c751e8b465ee728b)  -> (artifact id: 'd1f42141d3c2afff505a92d718901ed1') in 0.008713 seconds
  Import took 0.088859 seconds .

========================================================================
Received Import Request.
  Time since last request: 54.359918 seconds.
  path: Assets/Scripts/Helpers/EventOnCollision.cs
  artifactKey: Guid(d7cce4e91efc0884faa5f66564bfe325) Importer(815301076,1909f56bfc062723c751e8b465ee728b)
Start importing Assets/Scripts/Helpers/EventOnCollision.cs using Guid(d7cce4e91efc0884faa5f66564bfe325) Importer(815301076,1909f56bfc062723c751e8b465ee728b)  -> (artifact id: 'd617bdffd4059d8e21ee9f618a24eadd') in 0.004393 seconds
  Import took 0.020282 seconds .

