Using pre-set license
Built from '2020.3/staging' branch; Version is '2020.3.4f1 (0abb6314276a) revision 703331'; Using compiler version '192528614'; Build Type 'Release'
OS: 'Windows 10 Home; OS build 18363.1556; Version 1909; 64bit' Language: 'cs' Physical Memory: 16226 MB
BatchMode: 1, IsHumanControllingUs: 0, StartBugReporterOnCrash: 0, Is64bit: 1, IsPro: 0

 COMMAND LINE ARGUMENTS:
D:\UnityVersions\2020.3.4f1\Editor\Unity.exe
-adb2
-batchMode
-noUpm
-name
AssetImportWorker0
-projectPath
D:/UnityDevelopment/UnityProjects/BlackAndWhite
-logFile
Logs/AssetImportWorker0.log
-srvPort
53525
Successfully changed project path to: D:/UnityDevelopment/UnityProjects/BlackAndWhite
D:/UnityDevelopment/UnityProjects/BlackAndWhite
Using Asset Import Pipeline V2.
Refreshing native plugins compatible for Editor in 35.74 ms, found 0 plugins.
Preloading 0 native plugins for Editor in 0.00 ms.
Initialize engine version: 2020.3.4f1 (0abb6314276a)
[Subsystems] Discovering subsystems at path D:/UnityVersions/2020.3.4f1/Editor/Data/Resources/UnitySubsystems
[Subsystems] Discovering subsystems at path D:/UnityDevelopment/UnityProjects/BlackAndWhite/Assets
GfxDevice: creating device client; threaded=0
Direct3D:
    Version:  Direct3D 11.0 [level 11.1]
    Renderer: NVIDIA GeForce GTX 1060 (ID=0x1c20)
    Vendor:   
    VRAM:     6052 MB
    Driver:   30.0.14.7212
Initialize mono
Mono path[0] = 'D:/UnityVersions/2020.3.4f1/Editor/Data/Managed'
Mono path[1] = 'D:/UnityVersions/2020.3.4f1/Editor/Data/MonoBleedingEdge/lib/mono/unityjit'
Mono config path = 'D:/UnityVersions/2020.3.4f1/Editor/Data/MonoBleedingEdge/etc'
Using monoOptions --debugger-agent=transport=dt_socket,embedding=1,server=y,suspend=n,address=127.0.0.1:56764
Begin MonoManager ReloadAssembly
Registering precompiled unity dll's ...
Register platform support module: D:/UnityVersions/2020.3.4f1/Editor/Data/PlaybackEngines/WebGLSupport/UnityEditor.WebGL.Extensions.dll
Register platform support module: D:/UnityVersions/2020.3.4f1/Editor/Data/PlaybackEngines/WindowsStandaloneSupport/UnityEditor.WindowsStandalone.Extensions.dll
Registered in 0.227685 seconds.
Native extension for WindowsStandalone target not found
Native extension for WebGL target not found
Refreshing native plugins compatible for Editor in 35.31 ms, found 0 plugins.
Preloading 0 native plugins for Editor in 0.00 ms.
Mono: successfully reloaded assembly
- Completed reload, in  4.426 seconds
Platform modules already initialized, skipping
Registering precompiled user dll's ...
Registered in 0.043024 seconds.
Begin MonoManager ReloadAssembly
Native extension for WindowsStandalone target not found
Native extension for WebGL target not found
Refreshing native plugins compatible for Editor in 0.26 ms, found 0 plugins.
Preloading 0 native plugins for Editor in 0.00 ms.
Mono: successfully reloaded assembly
- Completed reload, in  2.378 seconds
Platform modules already initialized, skipping
========================================================================
Worker process is ready to serve import requests
Launched and connected shader compiler UnityShaderCompiler.exe after 0.13 seconds
Refreshing native plugins compatible for Editor in 0.26 ms, found 0 plugins.
Preloading 0 native plugins for Editor in 0.00 ms.
Unloading 1551 Unused Serialized files (Serialized files now loaded: 0)
System memory in use before: 76.7 MB.
System memory in use after: 76.8 MB.

Unloading 10 unused Assets to reduce memory usage. Loaded Objects now: 1996.
Total: 1.876900 ms (FindLiveObjects: 0.156000 ms CreateObjectMapping: 0.049500 ms MarkObjects: 1.517100 ms  DeleteObjects: 0.153500 ms)

========================================================================
Received Import Request.
  path: Assets/Scripts/UI/General/Menu.cs
  artifactKey: Guid(466215a5304069d4d87f6c3165065d2b) Importer(815301076,1909f56bfc062723c751e8b465ee728b)
Start importing Assets/Scripts/UI/General/Menu.cs using Guid(466215a5304069d4d87f6c3165065d2b) Importer(815301076,1909f56bfc062723c751e8b465ee728b)  -> (artifact id: 'cb68bbcedb5b28b754f70f686230db30') in 0.319237 seconds
  Import took 0.331798 seconds .

========================================================================
Received Prepare
Registering precompiled user dll's ...
Registered in 0.000631 seconds.
Begin MonoManager ReloadAssembly
OnLevelWasLoaded was found on MainMenuManager
This message has been deprecated and will be removed in a later version of Unity.
Add a delegate to SceneManager.sceneLoaded instead to get notifications after scene loading has completed

OnLevelWasLoaded was found on GameManagerUIBinder
This message has been deprecated and will be removed in a later version of Unity.
Add a delegate to SceneManager.sceneLoaded instead to get notifications after scene loading has completed

OnLevelWasLoaded was found on GameManager
This message has been deprecated and will be removed in a later version of Unity.
Add a delegate to SceneManager.sceneLoaded instead to get notifications after scene loading has completed

Native extension for WindowsStandalone target not found
Native extension for WebGL target not found
Refreshing native plugins compatible for Editor in 0.26 ms, found 0 plugins.
Preloading 0 native plugins for Editor in 0.00 ms.
Mono: successfully reloaded assembly
- Completed reload, in  0.840 seconds
Platform modules already initialized, skipping
Refreshing native plugins compatible for Editor in 0.26 ms, found 0 plugins.
Preloading 0 native plugins for Editor in 0.00 ms.
Unloading 1510 Unused Serialized files (Serialized files now loaded: 0)
System memory in use before: 73.4 MB.
System memory in use after: 73.5 MB.

Unloading 5 unused Assets to reduce memory usage. Loaded Objects now: 1999.
Total: 2.294900 ms (FindLiveObjects: 0.189000 ms CreateObjectMapping: 0.073800 ms MarkObjects: 1.970500 ms  DeleteObjects: 0.060500 ms)

========================================================================
Received Import Request.
  Time since last request: 192.225141 seconds.
  path: Assets/Prefabs/StoryModeSetter.prefab
  artifactKey: Guid(254c39a283ce8994d96c4104436e547f) Importer(815301076,1909f56bfc062723c751e8b465ee728b)
Start importing Assets/Prefabs/StoryModeSetter.prefab using Guid(254c39a283ce8994d96c4104436e547f) Importer(815301076,1909f56bfc062723c751e8b465ee728b)  -> (artifact id: '49bf5b345e869c49b9c7e7fca6d755aa') in 0.040381 seconds
  Import took 0.064477 seconds .

========================================================================
Received Import Request.
  Time since last request: 0.040778 seconds.
  path: Assets/Prefabs/StoryModeSetter.prefab
  artifactKey: Guid(254c39a283ce8994d96c4104436e547f) Importer(815301076,1909f56bfc062723c751e8b465ee728b)
Start importing Assets/Prefabs/StoryModeSetter.prefab using Guid(254c39a283ce8994d96c4104436e547f) Importer(815301076,1909f56bfc062723c751e8b465ee728b)  -> (artifact id: '49bf5b345e869c49b9c7e7fca6d755aa') in 0.004537 seconds
  Import took 0.007284 seconds .

========================================================================
Received Import Request.
  Time since last request: 7.700355 seconds.
  path: Assets/Prefabs/UI/InGameMenu.prefab
  artifactKey: Guid(8762afe60c004d6468231d1973583d34) Importer(815301076,1909f56bfc062723c751e8b465ee728b)
Start importing Assets/Prefabs/UI/InGameMenu.prefab using Guid(8762afe60c004d6468231d1973583d34) Importer(815301076,1909f56bfc062723c751e8b465ee728b)  -> (artifact id: 'd924548d680ea68dc55aed7c58de33c6') in 0.083700 seconds
  Import took 0.086367 seconds .

========================================================================
Received Import Request.
  Time since last request: 0.000280 seconds.
  path: Assets/Prefabs/UI/LevelDisplay.prefab
  artifactKey: Guid(aa52ee70142cf0548b72586ee3ae28d8) Importer(815301076,1909f56bfc062723c751e8b465ee728b)
Start importing Assets/Prefabs/UI/LevelDisplay.prefab using Guid(aa52ee70142cf0548b72586ee3ae28d8) Importer(815301076,1909f56bfc062723c751e8b465ee728b)  -> (artifact id: 'e2390c2f6c3cdc4b195598e592f40af2') in 0.024399 seconds
  Import took 0.027692 seconds .

========================================================================
Received Import Request.
  Time since last request: 0.000208 seconds.
  path: Assets/Prefabs/UI/MenuButton.prefab
  artifactKey: Guid(0673c9b4ff9adca44a1d9ec3dcd2e957) Importer(815301076,1909f56bfc062723c751e8b465ee728b)
Start importing Assets/Prefabs/UI/MenuButton.prefab using Guid(0673c9b4ff9adca44a1d9ec3dcd2e957) Importer(815301076,1909f56bfc062723c751e8b465ee728b)  -> (artifact id: 'd10e70d48c649e0379573cb9b47e4a07') in 0.068418 seconds
  Import took 0.071091 seconds .

========================================================================
Received Import Request.
  Time since last request: 60.520541 seconds.
  path: Assets/Prefabs/UI/LevelDisplay.prefab
  artifactKey: Guid(aa52ee70142cf0548b72586ee3ae28d8) Importer(815301076,1909f56bfc062723c751e8b465ee728b)
Start importing Assets/Prefabs/UI/LevelDisplay.prefab using Guid(aa52ee70142cf0548b72586ee3ae28d8) Importer(815301076,1909f56bfc062723c751e8b465ee728b)  -> (artifact id: '2ab9d9082d90b7309ba4d6b9f21a71aa') in 0.095621 seconds
  Import took 0.111748 seconds .

========================================================================
Received Import Request.
  Time since last request: 5.582780 seconds.
  path: Assets/Prefabs/UI/MenuButton 1.prefab
  artifactKey: Guid(5742bf6b99af597428ed715805c19dd1) Importer(815301076,1909f56bfc062723c751e8b465ee728b)
Start importing Assets/Prefabs/UI/MenuButton 1.prefab using Guid(5742bf6b99af597428ed715805c19dd1) Importer(815301076,1909f56bfc062723c751e8b465ee728b)  -> (artifact id: 'c52b78c0fad99b176cfc14e27e77cae4') in 0.024048 seconds
  Import took 0.034024 seconds .

========================================================================
Received Import Request.
  Time since last request: 13.303819 seconds.
  path: Assets/Prefabs/UI/LevelButton.prefab
  artifactKey: Guid(5742bf6b99af597428ed715805c19dd1) Importer(815301076,1909f56bfc062723c751e8b465ee728b)
Start importing Assets/Prefabs/UI/LevelButton.prefab using Guid(5742bf6b99af597428ed715805c19dd1) Importer(815301076,1909f56bfc062723c751e8b465ee728b)  -> (artifact id: 'd8f4751e213271747ad0550aed5841e8') in 0.023722 seconds
  Import took 0.027147 seconds .

========================================================================
Received Import Request.
  Time since last request: 26.055492 seconds.
  path: Assets/Prefabs/UI/LevelButton.prefab
  artifactKey: Guid(5742bf6b99af597428ed715805c19dd1) Importer(815301076,1909f56bfc062723c751e8b465ee728b)
Start importing Assets/Prefabs/UI/LevelButton.prefab using Guid(5742bf6b99af597428ed715805c19dd1) Importer(815301076,1909f56bfc062723c751e8b465ee728b)  -> (artifact id: 'a76ba6843d6a582374bddccb8dcaffa5') in 0.025080 seconds
  Import took 0.034901 seconds .

========================================================================
Received Import Request.
  Time since last request: 3.476312 seconds.
  path: Assets/Prefabs/UI/LevelButton.prefab
  artifactKey: Guid(5742bf6b99af597428ed715805c19dd1) Importer(815301076,1909f56bfc062723c751e8b465ee728b)
Start importing Assets/Prefabs/UI/LevelButton.prefab using Guid(5742bf6b99af597428ed715805c19dd1) Importer(815301076,1909f56bfc062723c751e8b465ee728b)  -> (artifact id: 'f73419758c02230745a0ef9ab16970a6') in 0.021771 seconds
  Import took 0.034887 seconds .

========================================================================
Received Prepare
Registering precompiled user dll's ...
Registered in 0.000704 seconds.
OnLevelWasLoaded was found on GameManagerUIBinder
This message has been deprecated and will be removed in a later version of Unity.
Add a delegate to SceneManager.sceneLoaded instead to get notifications after scene loading has completed

OnLevelWasLoaded was found on MainMenuManager
This message has been deprecated and will be removed in a later version of Unity.
Add a delegate to SceneManager.sceneLoaded instead to get notifications after scene loading has completed

OnLevelWasLoaded was found on GameManager
This message has been deprecated and will be removed in a later version of Unity.
Add a delegate to SceneManager.sceneLoaded instead to get notifications after scene loading has completed

Begin MonoManager ReloadAssembly
OnLevelWasLoaded was found on GameManager
This message has been deprecated and will be removed in a later version of Unity.
Add a delegate to SceneManager.sceneLoaded instead to get notifications after scene loading has completed

OnLevelWasLoaded was found on GameManagerUIBinder
This message has been deprecated and will be removed in a later version of Unity.
Add a delegate to SceneManager.sceneLoaded instead to get notifications after scene loading has completed

OnLevelWasLoaded was found on MainMenuManager
This message has been deprecated and will be removed in a later version of Unity.
Add a delegate to SceneManager.sceneLoaded instead to get notifications after scene loading has completed

Native extension for WindowsStandalone target not found
Native extension for WebGL target not found
Refreshing native plugins compatible for Editor in 0.26 ms, found 0 plugins.
Preloading 0 native plugins for Editor in 0.00 ms.
Mono: successfully reloaded assembly
- Completed reload, in  0.840 seconds
Platform modules already initialized, skipping
Refreshing native plugins compatible for Editor in 0.28 ms, found 0 plugins.
Preloading 0 native plugins for Editor in 0.00 ms.
Unloading 1510 Unused Serialized files (Serialized files now loaded: 0)
System memory in use before: 73.5 MB.
System memory in use after: 73.5 MB.

Unloading 6 unused Assets to reduce memory usage. Loaded Objects now: 2002.
Total: 1.613600 ms (FindLiveObjects: 0.140100 ms CreateObjectMapping: 0.042900 ms MarkObjects: 1.373600 ms  DeleteObjects: 0.056200 ms)

